[LOG] System::create                           : Header version = 1.10.04. Current version = 1.10.04.
[LOG] Manager::init                            : maxchannels = 256 studioflags = 00000006 flags 00000000 extradriverdata 0x0.
[LOG] SystemI::init                            : Initialize version=11004 (93853), maxchannels=256, flags=0x00020000
[LOG] SystemI::setOutputInternal               : Setting output to 'FMOD Core Audio Output'
[LOG] OutputCoreAudio::enumerate               : Enumerating...
[LOG] OutputCoreAudio::enumerate               : Found output driver: "Built-in Output".
[LOG] OutputCoreAudio::enumerate               : Found output driver: "Soundflower (2ch)".
[LOG] OutputCoreAudio::enumerate               : Found output driver: "Soundflower (64ch)".
[LOG] OutputCoreAudio::enumerate               : Found output driver: "Pro Tools Aggregate I/O".
[LOG] OutputCoreAudio::enumerate               : Done.
[LOG] OutputCoreAudio::init                    : Output running 2 channels at 48000Hz sample rate.
[LOG] OutputCoreAudio::init                    : Maximum hardware read size: 1024 samples, Software buffer size: 512 samples, Number of software buffers: 4.
[LOG] Thread::initThread                       : Init FMOD stream thread. Priority: 2, Stack Size: 65536, Semaphore: No, Sleep Time: 10, Looping: Yes.
[LOG] Thread::initThread                       : Init FMOD mixer thread. Priority: 3, Stack Size: 49152, Semaphore: Yes, Sleep Time: 0, Looping: Yes.
[LOG] AsyncManager::init                       : manager 0x14974e208 isAsync 0 updatePeriod 0.02
[LOG] AsyncManager::init                       : done
[LOG] PlaybackSystem::init                     : 
[LOG] Thread::initThread                       : Init FMOD Studio sample load thread. Priority: 0, Stack Size: 65536, Semaphore: No, Sleep Time: 1, Looping: No.
[LOG] PlaybackSystem::init                     : done
[LOG] Thread::initThread                       : Init FMOD Studio bank load thread. Priority: 0, Stack Size: 65536, Semaphore: No, Sleep Time: 1, Looping: No.
[LOG] Manager::init                            : done.
[LOG] Manager::readBank                        : fileversion = 100, compatVersion = 99 (oldest = 44, newest = 100)
[LOG] SystemI::createSound                     : filename = FMOD/NGJ2018/Build/Desktop/Master Bank.bank : mode 02010082
[LOG] SystemI::createSound                     : FMOD_NONBLOCKING specified.  Putting into queue to be opened asynchronously!
[LOG] SystemI::createSound                     : setdata soundi = 0x16269d918 : node = 0x16269c3b0
[LOG] SystemI::createSound                     : add node to async list : head = 0x10e33f308.  list count = 0
[LOG] AsyncThread::threadFunc                  : Starting Asynchronous operation on sound 0x16269d918
[LOG] SystemI::createSoundInternal             :     Create name='FMOD/NGJ2018/Build/Desktop/Master Bank.bank', mode=0x02010082
[LOG] SystemI::createSoundInternal             :     exinfo->cbsize             = 232
[LOG] SystemI::createSoundInternal             :     exinfo->length             = 809440
[LOG] SystemI::createSoundInternal             :     exinfo->fileoffset         = 27616
[LOG] SystemI::createSoundInternal             :     exinfo->numsubsounds       = 1
[LOG] SystemI::createSoundInternal             :     exinfo->inclusionlist      = 0x16269c4c8
[LOG] SystemI::createSoundInternal             :     exinfo->inclusionlistnum   = 1
[LOG] SystemI::createSoundInternal             :     exinfo->suggestedsoundtype = 5
[LOG] SystemI::createSoundInternal             :     exinfo->initialseekpostype = 1
[LOG] SystemI::createSoundInternal             :     Stream 0/1: name='Missile_fire', format=2, channels=2, frequency=48000, lengthbytes=120320, lengthpcm=718514, pcmblocksize=0, loopstart=0, loopend=0, mode=0x00000000, channelmask=0x00000000, channelorder=0, peakvolume=0.284615.
[LOG] AsyncThread::threadFunc                  : Finished Asynchronous operation on sound 0x16269d918
[LOG] SoundI::getSubSound                      : sound 0x16269d918.  Subsound index 0 / 1
[LOG] SystemI::createSound                     : filename = FMOD/NGJ2018/Build/Desktop/Master Bank.bank : mode 02010082
[LOG] SystemI::createSound                     : FMOD_NONBLOCKING specified.  Putting into queue to be opened asynchronously!
[LOG] SystemI::createSound                     : setdata soundi = 0x141f86d48 : node = 0x141f85da0
[LOG] SystemI::createSound                     : add node to async list : head = 0x10e33f308.  list count = 0
[LOG] AsyncThread::threadFunc                  : Starting Asynchronous operation on sound 0x141f86d48
[LOG] SystemI::createSoundInternal             :     Create name='FMOD/NGJ2018/Build/Desktop/Master Bank.bank', mode=0x02010082
[LOG] SystemI::createSoundInternal             :     exinfo->cbsize             = 232
[LOG] SystemI::createSoundInternal             :     exinfo->length             = 809440
[LOG] SystemI::createSoundInternal             :     exinfo->fileoffset         = 27616
[LOG] SystemI::createSoundInternal             :     exinfo->numsubsounds       = 1
[LOG] SystemI::createSoundInternal             :     exinfo->inclusionlist      = 0x141f85eb8
[LOG] SystemI::createSoundInternal             :     exinfo->inclusionlistnum   = 1
[LOG] SystemI::createSoundInternal             :     exinfo->suggestedsoundtype = 5
[LOG] SystemI::createSoundInternal             :     exinfo->initialseekpostype = 1
[LOG] SystemI::createSoundInternal             :     Stream 0/1: name='Missile_impact', format=2, channels=2, frequency=48000, lengthbytes=43776, lengthpcm=718514, pcmblocksize=0, loopstart=0, loopend=0, mode=0x00000000, channelmask=0x00000000, channelorder=0, peakvolume=0.627006.
[LOG] AsyncThread::threadFunc                  : Finished Asynchronous operation on sound 0x141f86d48
[LOG] SoundI::getSubSound                      : sound 0x141f86d48.  Subsound index 0 / 1
[LOG] SoundI::release                          : Missile_fire (0x16269d918)
[LOG] SoundI::release                          :     Missile_fire (0x141f86808)
[LOG] SoundI::release                          :     Missile_fire (0x141f86998)
[LOG] Manager::readBank                        : fileversion = 100, compatVersion = 99 (oldest = 44, newest = 100)
[LOG] SystemI::createSound                     : filename = FMOD/NGJ2018/Build/Desktop/Master Bank.bank : mode 02010082
[LOG] SystemI::createSound                     : FMOD_NONBLOCKING specified.  Putting into queue to be opened asynchronously!
[LOG] SystemI::createSound                     : setdata soundi = 0x16269d918 : node = 0x16269e000
[LOG] SystemI::createSound                     : add node to async list : head = 0x10e33f308.  list count = 0
[LOG] AsyncThread::threadFunc                  : Starting Asynchronous operation on sound 0x16269d918
[LOG] SystemI::createSoundInternal             :     Create name='FMOD/NGJ2018/Build/Desktop/Master Bank.bank', mode=0x02010082
[LOG] SystemI::createSoundInternal             :     exinfo->cbsize             = 232
[LOG] SystemI::createSoundInternal             :     exinfo->length             = 809440
[LOG] SystemI::createSoundInternal             :     exinfo->fileoffset         = 27616
[LOG] SystemI::createSoundInternal             :     exinfo->numsubsounds       = 1
[LOG] SystemI::createSoundInternal             :     exinfo->inclusionlist      = 0x16269e118
[LOG] SystemI::createSoundInternal             :     exinfo->inclusionlistnum   = 1
[LOG] SystemI::createSoundInternal             :     exinfo->suggestedsoundtype = 5
[LOG] SystemI::createSoundInternal             :     exinfo->initialseekpostype = 1
[LOG] SystemI::createSoundInternal             :     Stream 0/1: name='Missile_fire', format=2, channels=2, frequency=48000, lengthbytes=120320, lengthpcm=718514, pcmblocksize=0, loopstart=0, loopend=0, mode=0x00000000, channelmask=0x00000000, channelorder=0, peakvolume=0.284615.
[LOG] AsyncThread::threadFunc                  : Finished Asynchronous operation on sound 0x16269d918
[LOG] SystemI::createSound                     : filename = FMOD/NGJ2018/Build/Desktop/Master Bank.bank : mode 02010082
[LOG] SystemI::createSound                     : FMOD_NONBLOCKING specified.  Putting into queue to be opened asynchronously!
[LOG] SystemI::createSound                     : setdata soundi = 0x16269f138 : node = 0x16269c3b0
[LOG] SystemI::createSound                     : add node to async list : head = 0x10e33f308.  list count = 0
[LOG] SoundI::getSubSound                      : sound 0x16269d918.  Subsound index 0 / 1
[LOG] AsyncThread::threadFunc                  : Starting Asynchronous operation on sound 0x16269f138
[LOG] SystemI::createSoundInternal             :     Create name='FMOD/NGJ2018/Build/Desktop/Master Bank.bank', mode=0x02010082
[LOG] SystemI::createSoundInternal             :     exinfo->cbsize             = 232
[LOG] SystemI::createSoundInternal             :     exinfo->length             = 809440
[LOG] SystemI::createSoundInternal             :     exinfo->fileoffset         = 27616
[LOG] SystemI::createSoundInternal             :     exinfo->numsubsounds       = 1
[LOG] SystemI::createSoundInternal             :     exinfo->inclusionlist      = 0x16269c4c8
[LOG] SystemI::createSoundInternal             :     exinfo->inclusionlistnum   = 1
[LOG] SystemI::createSoundInternal             :     exinfo->suggestedsoundtype = 5
[LOG] SystemI::createSoundInternal             :     exinfo->initialseekpostype = 1
[LOG] SystemI::createSoundInternal             :     Stream 0/1: name='Missile_impact', format=2, channels=2, frequency=48000, lengthbytes=43776, lengthpcm=718514, pcmblocksize=0, loopstart=0, loopend=0, mode=0x00000000, channelmask=0x00000000, channelorder=0, peakvolume=0.627006.
[LOG] AsyncThread::threadFunc                  : Finished Asynchronous operation on sound 0x16269f138
[LOG] SoundI::getSubSound                      : sound 0x16269f138.  Subsound index 0 / 1
[LOG] SoundI::release                          : Missile_fire (0x16269d918)
[LOG] SoundI::release                          :     Missile_fire (0x16269ea78)
[LOG] SoundI::release                          :     Missile_fire (0x16269ec08)
[LOG] Manager::readBank                        : fileversion = 100, compatVersion = 99 (oldest = 44, newest = 100)
[LOG] SystemI::createSound                     : filename = FMOD/NGJ2018/Build/Desktop/Master Bank.bank : mode 02010082
[LOG] SystemI::createSound                     : FMOD_NONBLOCKING specified.  Putting into queue to be opened asynchronously!
[LOG] SystemI::createSound                     : setdata soundi = 0x14212e7c8 : node = 0x15db6a430
[LOG] SystemI::createSound                     : add node to async list : head = 0x10e33f308.  list count = 0
[LOG] AsyncThread::threadFunc                  : Starting Asynchronous operation on sound 0x14212e7c8
[LOG] SystemI::createSoundInternal             :     Create name='FMOD/NGJ2018/Build/Desktop/Master Bank.bank', mode=0x02010082
[LOG] SystemI::createSoundInternal             :     exinfo->cbsize             = 232
[LOG] SystemI::createSoundInternal             :     exinfo->length             = 809440
[LOG] SystemI::createSoundInternal             :     exinfo->fileoffset         = 27616
[LOG] SystemI::createSoundInternal             :     exinfo->numsubsounds       = 1
[LOG] SystemI::createSoundInternal             :     exinfo->inclusionlist      = 0x15db6a548
[LOG] SystemI::createSoundInternal             :     exinfo->inclusionlistnum   = 1
[LOG] SystemI::createSoundInternal             :     exinfo->suggestedsoundtype = 5
[LOG] SystemI::createSoundInternal             :     exinfo->initialseekpostype = 1
[LOG] SystemI::createSoundInternal             :     Stream 0/1: name='Missile_fire', format=2, channels=2, frequency=48000, lengthbytes=120320, lengthpcm=718514, pcmblocksize=0, loopstart=0, loopend=0, mode=0x00000000, channelmask=0x00000000, channelorder=0, peakvolume=0.284615.
[LOG] AsyncThread::threadFunc                  : Finished Asynchronous operation on sound 0x14212e7c8
[LOG] SoundI::getSubSound                      : sound 0x14212e7c8.  Subsound index 0 / 1
[LOG] SystemI::createSound                     : filename = FMOD/NGJ2018/Build/Desktop/Master Bank.bank : mode 02010082
[LOG] SystemI::createSound                     : FMOD_NONBLOCKING specified.  Putting into queue to be opened asynchronously!
[LOG] SystemI::createSound                     : setdata soundi = 0x16269d918 : node = 0x16269e000
[LOG] SystemI::createSound                     : add node to async list : head = 0x10e33f308.  list count = 0
[LOG] AsyncThread::threadFunc                  : Starting Asynchronous operation on sound 0x16269d918
[LOG] SystemI::createSoundInternal             :     Create name='FMOD/NGJ2018/Build/Desktop/Master Bank.bank', mode=0x02010082
[LOG] SystemI::createSoundInternal             :     exinfo->cbsize             = 232
[LOG] SystemI::createSoundInternal             :     exinfo->length             = 809440
[LOG] SystemI::createSoundInternal             :     exinfo->fileoffset         = 27616
[LOG] SystemI::createSoundInternal             :     exinfo->numsubsounds       = 1
[LOG] SystemI::createSoundInternal             :     exinfo->inclusionlist      = 0x16269e118
[LOG] SystemI::createSoundInternal             :     exinfo->inclusionlistnum   = 1
[LOG] SystemI::createSoundInternal             :     exinfo->suggestedsoundtype = 5
[LOG] SystemI::createSoundInternal             :     exinfo->initialseekpostype = 1
[LOG] SystemI::createSoundInternal             :     Stream 0/1: name='Missile_impact', format=2, channels=2, frequency=48000, lengthbytes=43776, lengthpcm=718514, pcmblocksize=0, loopstart=0, loopend=0, mode=0x00000000, channelmask=0x00000000, channelorder=0, peakvolume=0.627006.
[LOG] AsyncThread::threadFunc                  : Finished Asynchronous operation on sound 0x16269d918
[LOG] SoundI::getSubSound                      : sound 0x16269d918.  Subsound index 0 / 1
[LOG] SoundI::release                          : Missile_fire (0x14212e7c8)
[LOG] SoundI::release                          :     Missile_fire (0x141f87c68)
[LOG] SoundI::release                          :     Missile_fire (0x141f87df8)
[LOG] Manager::readBank                        : fileversion = 100, compatVersion = 99 (oldest = 44, newest = 100)
[LOG] Manager::readBank                        : fileversion = 100, compatVersion = 99 (oldest = 44, newest = 100)
[LOG] Manager::readBank                        : fileversion = 100, compatVersion = 99 (oldest = 44, newest = 100)
[LOG] PlaybackSystem::acquireMasterBus         : Setting master channel group format to 6
[LOG] SystemI::createSound                     : filename = FMOD/NGJ2018/Build/Desktop/Master Bank.bank : mode 02010082
[LOG] SystemI::createSound                     : FMOD_NONBLOCKING specified.  Putting into queue to be opened asynchronously!
[LOG] SystemI::createSound                     : setdata soundi = 0x13fa6ecb8 : node = 0x13fa6f390
[LOG] SystemI::createSound                     : add node to async list : head = 0x10e33f308.  list count = 0
[LOG] AsyncThread::threadFunc                  : Starting Asynchronous operation on sound 0x13fa6ecb8
[LOG] SystemI::createSoundInternal             :     Create name='FMOD/NGJ2018/Build/Desktop/Master Bank.bank', mode=0x02010082
[LOG] SystemI::createSoundInternal             :     exinfo->cbsize             = 232
[LOG] SystemI::createSoundInternal             :     exinfo->length             = 809440
[LOG] SystemI::createSoundInternal             :     exinfo->fileoffset         = 27616
[LOG] SystemI::createSoundInternal             :     exinfo->numsubsounds       = 1
[LOG] SystemI::createSoundInternal             :     exinfo->inclusionlist      = 0x13fa6f4a8
[LOG] SystemI::createSoundInternal             :     exinfo->inclusionlistnum   = 1
[LOG] SystemI::createSoundInternal             :     exinfo->suggestedsoundtype = 5
[LOG] SystemI::createSoundInternal             :     exinfo->initialseekpostype = 1
[LOG] SystemI::createSoundInternal             :     Stream 0/1: name='Missile_fire', format=2, channels=2, frequency=48000, lengthbytes=120320, lengthpcm=718514, pcmblocksize=0, loopstart=0, loopend=0, mode=0x00000000, channelmask=0x00000000, channelorder=0, peakvolume=0.284615.
[LOG] AsyncThread::threadFunc                  : Finished Asynchronous operation on sound 0x13fa6ecb8
[LOG] SoundI::getSubSound                      : sound 0x13fa6ecb8.  Subsound index 0 / 1
[LOG] SystemI::createSound                     : filename = FMOD/NGJ2018/Build/Desktop/Master Bank.bank : mode 02010082
[LOG] SystemI::createSound                     : FMOD_NONBLOCKING specified.  Putting into queue to be opened asynchronously!
[LOG] SystemI::createSound                     : setdata soundi = 0x13fa6f4b8 : node = 0x13fa6f670
[LOG] SystemI::createSound                     : add node to async list : head = 0x10e33f308.  list count = 0
[LOG] AsyncThread::threadFunc                  : Starting Asynchronous operation on sound 0x13fa6f4b8
[LOG] SystemI::createSoundInternal             :     Create name='FMOD/NGJ2018/Build/Desktop/Master Bank.bank', mode=0x02010082
[LOG] SystemI::createSoundInternal             :     exinfo->cbsize             = 232
[LOG] SystemI::createSoundInternal             :     exinfo->length             = 809440
[LOG] SystemI::createSoundInternal             :     exinfo->fileoffset         = 27616
[LOG] SystemI::createSoundInternal             :     exinfo->numsubsounds       = 1
[LOG] SystemI::createSoundInternal             :     exinfo->inclusionlist      = 0x13fa6f788
[LOG] SystemI::createSoundInternal             :     exinfo->inclusionlistnum   = 1
[LOG] SystemI::createSoundInternal             :     exinfo->suggestedsoundtype = 5
[LOG] SystemI::createSoundInternal             :     exinfo->initialseekpostype = 1
[LOG] SystemI::createSoundInternal             :     Stream 0/1: name='Missile_impact', format=2, channels=2, frequency=48000, lengthbytes=43776, lengthpcm=718514, pcmblocksize=0, loopstart=0, loopend=0, mode=0x00000000, channelmask=0x00000000, channelorder=0, peakvolume=0.627006.
[LOG] AsyncThread::threadFunc                  : Finished Asynchronous operation on sound 0x13fa6f4b8
[LOG] SoundI::getSubSound                      : sound 0x13fa6f4b8.  Subsound index 0 / 1
[LOG] SoundI::release                          : Missile_fire (0x13fa6ecb8)
[LOG] SoundI::release                          :     Missile_fire (0x14212cb88)
[LOG] SoundI::release                          :     Missile_fire (0x15dbb30d8)
[LOG] SoundI::release                          : Missile_impact (0x141f86d48)
[LOG] SoundI::release                          :     Missile_impact (0x13fa6d338)
[LOG] SoundI::release                          :     Missile_impact (0x13fa6d4c8)
[LOG] SoundI::release                          : Missile_impact (0x16269f138)
[LOG] SoundI::release                          :     Missile_impact (0x141f86808)
[LOG] SoundI::release                          :     Missile_impact (0x141f86998)
[LOG] SystemI::createSound                     : filename = FMOD/NGJ2018/Build/Desktop/Master Bank.bank : mode 02010082
[LOG] SystemI::createSound                     : FMOD_NONBLOCKING specified.  Putting into queue to be opened asynchronously!
[LOG] SystemI::createSound                     : setdata soundi = 0x1421293c8 : node = 0x14211ece0
[LOG] SystemI::createSound                     : add node to async list : head = 0x10e33f308.  list count = 0
[LOG] AsyncThread::threadFunc                  : Starting Asynchronous operation on sound 0x1421293c8
[LOG] SystemI::createSoundInternal             :     Create name='FMOD/NGJ2018/Build/Desktop/Master Bank.bank', mode=0x02010082
[LOG] SystemI::createSoundInternal             :     exinfo->cbsize             = 232
[LOG] SystemI::createSoundInternal             :     exinfo->length             = 809440
[LOG] SystemI::createSoundInternal             :     exinfo->fileoffset         = 27616
[LOG] SystemI::createSoundInternal             :     exinfo->numsubsounds       = 1
[LOG] SystemI::createSoundInternal             :     exinfo->inclusionlist      = 0x14211edf8
[LOG] SystemI::createSoundInternal             :     exinfo->inclusionlistnum   = 1
[LOG] SystemI::createSoundInternal             :     exinfo->suggestedsoundtype = 5
[LOG] SystemI::createSoundInternal             :     exinfo->initialseekpostype = 1
[LOG] SystemI::createSoundInternal             :     Stream 0/1: name='Missile_fire', format=2, channels=2, frequency=48000, lengthbytes=120320, lengthpcm=718514, pcmblocksize=0, loopstart=0, loopend=0, mode=0x00000000, channelmask=0x00000000, channelorder=0, peakvolume=0.284615.
[LOG] AsyncThread::threadFunc                  : Finished Asynchronous operation on sound 0x1421293c8
[LOG] SoundI::getSubSound                      : sound 0x1421293c8.  Subsound index 0 / 1
[LOG] SystemI::createSound                     : filename = FMOD/NGJ2018/Build/Desktop/Master Bank.bank : mode 02010082
[LOG] SystemI::createSound                     : FMOD_NONBLOCKING specified.  Putting into queue to be opened asynchronously!
[LOG] SystemI::createSound                     : setdata soundi = 0x142119938 : node = 0x142121540
[LOG] SystemI::createSound                     : add node to async list : head = 0x10e33f308.  list count = 0
[LOG] AsyncThread::threadFunc                  : Starting Asynchronous operation on sound 0x142119938
[LOG] SystemI::createSoundInternal             :     Create name='FMOD/NGJ2018/Build/Desktop/Master Bank.bank', mode=0x02010082
[LOG] SystemI::createSoundInternal             :     exinfo->cbsize             = 232
[LOG] SystemI::createSoundInternal             :     exinfo->length             = 809440
[LOG] SystemI::createSoundInternal             :     exinfo->fileoffset         = 27616
[LOG] SystemI::createSoundInternal             :     exinfo->numsubsounds       = 1
[LOG] SystemI::createSoundInternal             :     exinfo->inclusionlist      = 0x142121658
[LOG] SystemI::createSoundInternal             :     exinfo->inclusionlistnum   = 1
[LOG] SystemI::createSoundInternal             :     exinfo->suggestedsoundtype = 5
[LOG] SystemI::createSoundInternal             :     exinfo->initialseekpostype = 1
[LOG] SystemI::createSoundInternal             :     Stream 0/1: name='Missile_impact', format=2, channels=2, frequency=48000, lengthbytes=43776, lengthpcm=718514, pcmblocksize=0, loopstart=0, loopend=0, mode=0x00000000, channelmask=0x00000000, channelorder=0, peakvolume=0.627006.
[LOG] AsyncThread::threadFunc                  : Finished Asynchronous operation on sound 0x142119938
[LOG] SoundI::getSubSound                      : sound 0x142119938.  Subsound index 0 / 1
[LOG] SoundI::release                          : Missile_fire (0x1421293c8)
[LOG] SoundI::release                          :     Missile_fire (0x16269f138)
[LOG] SoundI::release                          :     Missile_fire (0x10e4d0468)
[LOG] SoundI::release                          : Missile_impact (0x16269d918)
[LOG] SoundI::release                          :     Missile_impact (0x16269e868)
[LOG] SoundI::release                          :     Missile_impact (0x16269e9f8)
[LOG] SystemI::createSound                     : filename = FMOD/NGJ2018/Build/Desktop/Master Bank.bank : mode 02010082
[LOG] SystemI::createSound                     : FMOD_NONBLOCKING specified.  Putting into queue to be opened asynchronously!
[LOG] SystemI::createSound                     : setdata soundi = 0x141f86ca8 : node = 0x141f86e60
[LOG] SystemI::createSound                     : add node to async list : head = 0x10e33f308.  list count = 0
[LOG] AsyncThread::threadFunc                  : Starting Asynchronous operation on sound 0x141f86ca8
[LOG] SystemI::createSoundInternal             :     Create name='FMOD/NGJ2018/Build/Desktop/Master Bank.bank', mode=0x02010082
[LOG] SystemI::createSoundInternal             :     exinfo->cbsize             = 232
[LOG] SystemI::createSoundInternal             :     exinfo->length             = 809440
[LOG] SystemI::createSoundInternal             :     exinfo->fileoffset         = 27616
[LOG] SystemI::createSoundInternal             :     exinfo->numsubsounds       = 1
[LOG] SystemI::createSoundInternal             :     exinfo->inclusionlist      = 0x141f86f78
[LOG] SystemI::createSoundInternal             :     exinfo->inclusionlistnum   = 1
[LOG] SystemI::createSoundInternal             :     exinfo->suggestedsoundtype = 5
[LOG] SystemI::createSoundInternal             :     exinfo->initialseekpostype = 1
[LOG] SystemI::createSoundInternal             :     Stream 0/1: name='NGJ2018 - Battle music', format=2, channels=2, frequency=48000, lengthbytes=368064, lengthpcm=1316572, pcmblocksize=0, loopstart=0, loopend=0, mode=0x00000000, channelmask=0x00000000, channelorder=0, peakvolume=0.527264.
[LOG] AsyncThread::threadFunc                  : Finished Asynchronous operation on sound 0x141f86ca8
[LOG] SoundI::getSubSound                      : sound 0x141f86ca8.  Subsound index 0 / 1
[LOG] SoundI::release                          : NGJ2018 - Battle music (0x10e331c78)
[LOG] SoundI::release                          :     NGJ2018 - Battle music (0x150c41f88)
[LOG] SoundI::release                          :     NGJ2018 - Battle music (0x150c42118)
[LOG] SoundI::release                          : Missile_impact (0x13fa6f4b8)
[LOG] SoundI::release                          :     Missile_impact (0x14212b488)
[LOG] SoundI::release                          :     Missile_impact (0x142129c08)
[LOG] SystemI::createSound                     : filename = FMOD/NGJ2018/Build/Desktop/Master Bank.bank : mode 02010082
[LOG] SystemI::createSound                     : FMOD_NONBLOCKING specified.  Putting into queue to be opened asynchronously!
[LOG] SystemI::createSound                     : setdata soundi = 0x16269c188 : node = 0x16269ecd0
[LOG] SystemI::createSound                     : add node to async list : head = 0x10e33f308.  list count = 0
[LOG] AsyncThread::threadFunc                  : Starting Asynchronous operation on sound 0x16269c188
[LOG] SystemI::createSoundInternal             :     Create name='FMOD/NGJ2018/Build/Desktop/Master Bank.bank', mode=0x02010082
[LOG] SystemI::createSoundInternal             :     exinfo->cbsize             = 232
[LOG] SystemI::createSoundInternal             :     exinfo->length             = 809440
[LOG] SystemI::createSoundInternal             :     exinfo->fileoffset         = 27616
[LOG] SystemI::createSoundInternal             :     exinfo->numsubsounds       = 1
[LOG] SystemI::createSoundInternal             :     exinfo->inclusionlist      = 0x16269ede8
[LOG] SystemI::createSoundInternal             :     exinfo->inclusionlistnum   = 1
[LOG] SystemI::createSoundInternal             :     exinfo->suggestedsoundtype = 5
[LOG] SystemI::createSoundInternal             :     exinfo->initialseekpostype = 1
[LOG] SystemI::createSoundInternal             :     Stream 0/1: name='Missile_fire', format=2, channels=2, frequency=48000, lengthbytes=120320, lengthpcm=718514, pcmblocksize=0, loopstart=0, loopend=0, mode=0x00000000, channelmask=0x00000000, channelorder=0, peakvolume=0.284615.
[LOG] AsyncThread::threadFunc                  : Finished Asynchronous operation on sound 0x16269c188
[LOG] SoundI::getSubSound                      : sound 0x16269c188.  Subsound index 0 / 1
[LOG] SystemI::createSound                     : filename = FMOD/NGJ2018/Build/Desktop/Master Bank.bank : mode 02010082
[LOG] SystemI::createSound                     : FMOD_NONBLOCKING specified.  Putting into queue to be opened asynchronously!
[LOG] SystemI::createSound                     : setdata soundi = 0x13fa6cb88 : node = 0x13fa71650
[LOG] SystemI::createSound                     : add node to async list : head = 0x10e33f308.  list count = 0
[LOG] AsyncThread::threadFunc                  : Starting Asynchronous operation on sound 0x13fa6cb88
[LOG] SystemI::createSoundInternal             :     Create name='FMOD/NGJ2018/Build/Desktop/Master Bank.bank', mode=0x02010082
[LOG] SystemI::createSoundInternal             :     exinfo->cbsize             = 232
[LOG] SystemI::createSoundInternal             :     exinfo->length             = 809440
[LOG] SystemI::createSoundInternal             :     exinfo->fileoffset         = 27616
[LOG] SystemI::createSoundInternal             :     exinfo->numsubsounds       = 1
[LOG] SystemI::createSoundInternal             :     exinfo->inclusionlist      = 0x13fa71768
[LOG] SystemI::createSoundInternal             :     exinfo->inclusionlistnum   = 1
[LOG] SystemI::createSoundInternal             :     exinfo->suggestedsoundtype = 5
[LOG] SystemI::createSoundInternal             :     exinfo->initialseekpostype = 1
[LOG] SystemI::createSoundInternal             :     Stream 0/1: name='Missile_impact', format=2, channels=2, frequency=48000, lengthbytes=43776, lengthpcm=718514, pcmblocksize=0, loopstart=0, loopend=0, mode=0x00000000, channelmask=0x00000000, channelorder=0, peakvolume=0.627006.
[LOG] AsyncThread::threadFunc                  : Finished Asynchronous operation on sound 0x13fa6cb88
[LOG] SoundI::getSubSound                      : sound 0x13fa6cb88.  Subsound index 0 / 1
[LOG] SoundI::release                          : Missile_fire (0x16269c188)
[LOG] SoundI::release                          :     Missile_fire (0x13fa72108)
[LOG] SoundI::release                          :     Missile_fire (0x13fa72298)
[LOG] SystemI::createSoundInternal             : Create name='', mode=0x02000202
[LOG] SystemI::createSoundInternal             : exinfo->cbsize             = 232
[LOG] SystemI::createSoundInternal             : exinfo->length             = 809440
[LOG] SystemI::createSoundInternal             : exinfo->fileoffset         = 27616
[LOG] SystemI::createSoundInternal             : exinfo->numsubsounds       = 1
[LOG] SystemI::createSoundInternal             : exinfo->inclusionlist      = 0x7000083787bc
[LOG] SystemI::createSoundInternal             : exinfo->inclusionlistnum   = 1
[LOG] SystemI::createSoundInternal             : exinfo->suggestedsoundtype = 5
[LOG] SystemI::createSoundInternal             : exinfo->useropen           = 0x160ac5993
[LOG] SystemI::createSoundInternal             : exinfo->userclose          = 0x160ac5a4f
[LOG] SystemI::createSoundInternal             : exinfo->userread           = 0x160ac5a7f
[LOG] SystemI::createSoundInternal             : exinfo->userseek           = 0x160ac5b1c
[LOG] SystemI::createSoundInternal             : exinfo->fileuserdata       = 0x141f8a138
[LOG] SystemI::createSoundInternal             : exinfo->initialseekpostype = 1
[LOG] SystemI::DSPCodecPoolRegister            : register codec pool for pool type 5
[LOG] SystemI::createSoundInternal             : Sample 0/1: name='Anvil', format=2, channels=2, frequency=48000, lengthbytes=35296, lengthpcm=329143, pcmblocksize=0, loopstart=0, loopend=0, mode=0x00000000, channelmask=0x00000000, channelorder=0, peakvolume=0.622341.
[LOG] SoundI::release                          : Missile_impact (0x142119938)
[LOG] SoundI::release                          :     Missile_impact (0x10e4d0f28)
[LOG] SoundI::release                          :     Missile_impact (0x10e4d10b8)
[LOG] SoundI::release                          : Missile_impact (0x13fa6cb88)
[LOG] SoundI::release                          :     Missile_impact (0x142129c08)
[LOG] SoundI::release                          :     Missile_impact (0x10e331c78)
[LOG] SystemI::createSoundInternal             : Create name='', mode=0x02000202
[LOG] SystemI::createSoundInternal             : exinfo->cbsize             = 232
[LOG] SystemI::createSoundInternal             : exinfo->length             = 809440
[LOG] SystemI::createSoundInternal             : exinfo->fileoffset         = 27616
[LOG] SystemI::createSoundInternal             : exinfo->numsubsounds       = 1
[LOG] SystemI::createSoundInternal             : exinfo->inclusionlist      = 0x7000083787bc
[LOG] SystemI::createSoundInternal             : exinfo->inclusionlistnum   = 1
[LOG] SystemI::createSoundInternal             : exinfo->suggestedsoundtype = 5
[LOG] SystemI::createSoundInternal             : exinfo->useropen           = 0x160ac5993
[LOG] SystemI::createSoundInternal             : exinfo->userclose          = 0x160ac5a4f
[LOG] SystemI::createSoundInternal             : exinfo->userread           = 0x160ac5a7f
[LOG] SystemI::createSoundInternal             : exinfo->userseek           = 0x160ac5b1c
[LOG] SystemI::createSoundInternal             : exinfo->fileuserdata       = 0x10e4d0518
[LOG] SystemI::createSoundInternal             : exinfo->initialseekpostype = 1
[LOG] SystemI::DSPCodecPoolRegister            : register codec pool for pool type 5
[LOG] SystemI::createSoundInternal             : Sample 0/1: name='Truck_idle', format=2, channels=2, frequency=48000, lengthbytes=48864, lengthpcm=166430, pcmblocksize=0, loopstart=0, loopend=0, mode=0x00000000, channelmask=0x00000000, channelorder=0, peakvolume=0.999900.
[LOG] SystemI::createSoundInternal             : Create name='', mode=0x02000202
[LOG] SystemI::createSoundInternal             : exinfo->cbsize             = 232
[LOG] SystemI::createSoundInternal             : exinfo->length             = 809440
[LOG] SystemI::createSoundInternal             : exinfo->fileoffset         = 27616
[LOG] SystemI::createSoundInternal             : exinfo->numsubsounds       = 1
[LOG] SystemI::createSoundInternal             : exinfo->inclusionlist      = 0x7000083787bc
[LOG] SystemI::createSoundInternal             : exinfo->inclusionlistnum   = 1
[LOG] SystemI::createSoundInternal             : exinfo->suggestedsoundtype = 5
[LOG] SystemI::createSoundInternal             : exinfo->useropen           = 0x160ac5993
[LOG] SystemI::createSoundInternal             : exinfo->userclose          = 0x160ac5a4f
[LOG] SystemI::createSoundInternal             : exinfo->userread           = 0x160ac5a7f
[LOG] SystemI::createSoundInternal             : exinfo->userseek           = 0x160ac5b1c
[LOG] SystemI::createSoundInternal             : exinfo->fileuserdata       = 0x10e4d0518
[LOG] SystemI::createSoundInternal             : exinfo->initialseekpostype = 1
[LOG] SystemI::DSPCodecPoolRegister            : register codec pool for pool type 5
[LOG] SystemI::createSoundInternal             : Sample 0/1: name='Truck_start', format=2, channels=2, frequency=48000, lengthbytes=24064, lengthpcm=82258, pcmblocksize=0, loopstart=0, loopend=0, mode=0x00000000, channelmask=0x00000000, channelorder=0, peakvolume=0.999900.
[LOG] SystemI::createSoundInternal             : Create name='', mode=0x02000202
[LOG] SystemI::createSoundInternal             : exinfo->cbsize             = 232
[LOG] SystemI::createSoundInternal             : exinfo->length             = 809440
[LOG] SystemI::createSoundInternal             : exinfo->fileoffset         = 27616
[LOG] SystemI::createSoundInternal             : exinfo->numsubsounds       = 1
[LOG] SystemI::createSoundInternal             : exinfo->inclusionlist      = 0x7000083787bc
[LOG] SystemI::createSoundInternal             : exinfo->inclusionlistnum   = 1
[LOG] SystemI::createSoundInternal             : exinfo->suggestedsoundtype = 5
[LOG] SystemI::createSoundInternal             : exinfo->useropen           = 0x160ac5993
[LOG] SystemI::createSoundInternal             : exinfo->userclose          = 0x160ac5a4f
[LOG] SystemI::createSoundInternal             : exinfo->userread           = 0x160ac5a7f
[LOG] SystemI::createSoundInternal             : exinfo->userseek           = 0x160ac5b1c
[LOG] SystemI::createSoundInternal             : exinfo->fileuserdata       = 0x10e4d0518
[LOG] SystemI::createSoundInternal             : exinfo->initialseekpostype = 1
[LOG] SystemI::DSPCodecPoolRegister            : register codec pool for pool type 5
[LOG] SystemI::createSoundInternal             : Sample 0/1: name='Truck_crash', format=2, channels=2, frequency=48000, lengthbytes=29280, lengthpcm=329143, pcmblocksize=0, loopstart=0, loopend=0, mode=0x00000000, channelmask=0x00000000, channelorder=0, peakvolume=0.247702.
[LOG] SystemI::createSound                     : filename = FMOD/NGJ2018/Build/Desktop/Master Bank.bank : mode 02010082
[LOG] SystemI::createSound                     : FMOD_NONBLOCKING specified.  Putting into queue to be opened asynchronously!
[LOG] SystemI::createSound                     : setdata soundi = 0x13fa72f58 : node = 0x13fa73110
[LOG] SystemI::createSound                     : add node to async list : head = 0x10e33f308.  list count = 0
[LOG] AsyncThread::threadFunc                  : Starting Asynchronous operation on sound 0x13fa72f58
[LOG] SystemI::createSoundInternal             :     Create name='FMOD/NGJ2018/Build/Desktop/Master Bank.bank', mode=0x02010082
[LOG] SystemI::createSoundInternal             :     exinfo->cbsize             = 232
[LOG] SystemI::createSoundInternal             :     exinfo->length             = 809440
[LOG] SystemI::createSoundInternal             :     exinfo->fileoffset         = 27616
[LOG] SystemI::createSoundInternal             :     exinfo->numsubsounds       = 1
[LOG] SystemI::createSoundInternal             :     exinfo->inclusionlist      = 0x13fa73228
[LOG] SystemI::createSoundInternal             :     exinfo->inclusionlistnum   = 1
[LOG] SystemI::createSoundInternal             :     exinfo->suggestedsoundtype = 5
[LOG] SystemI::createSoundInternal             :     exinfo->initialseekpostype = 1
[LOG] SystemI::createSoundInternal             :     Stream 0/1: name='NGJ2018 - Battle music', format=2, channels=2, frequency=48000, lengthbytes=368064, lengthpcm=1316572, pcmblocksize=0, loopstart=0, loopend=0, mode=0x00000000, channelmask=0x00000000, channelorder=0, peakvolume=0.527264.
[LOG] AsyncThread::threadFunc                  : Finished Asynchronous operation on sound 0x13fa72f58
[LOG] SoundI::getSubSound                      : sound 0x13fa72f58.  Subsound index 0 / 1
[LOG] SoundI::release                          : NGJ2018 - Battle music (0x141f86ca8)
[LOG] SoundI::release                          :     NGJ2018 - Battle music (0x16269d918)
[LOG] SoundI::release                          :     NGJ2018 - Battle music (0x1626738d8)
[LOG] SoundI::release                          : NGJ2018 - Battle music (0x13fa72f58)
[LOG] SoundI::release                          :     NGJ2018 - Battle music (0x10e331c78)
[LOG] SoundI::release                          :     NGJ2018 - Battle music (0x142129c08)
[LOG] SoundI::release                          :  (0x141f8a748)
[LOG] SoundI::release                          :     Anvil (0x141f8a8b8)
[LOG] SoundI::release                          :  (0x10e4d0728)
[LOG] SoundI::release                          :     Truck_idle (0x10e4d0c38)
[LOG] SoundI::release                          :  (0x10e4d0f78)
[LOG] SoundI::release                          :     Truck_start (0x10e4d10e8)
[LOG] SoundI::release                          :  (0x10e4d1428)
[LOG] SoundI::release                          :     Truck_crash (0x10e4d1598)
[LOG] Thread::callback                         : FMOD Studio update thread finished.
[LOG] Thread::callback                         : FMOD Studio bank load thread finished.
[LOG] Thread::callback                         : FMOD Studio sample load thread finished.
[LOG] LiveUpdate::release                      : 
[LOG] LiveUpdate::reset                        : Reset connection (reason Disconnected)
[LOG] Thread::callback                         : FMOD stream thread finished.
[LOG] Thread::callback                         : FMOD mixer thread finished.
[LOG] SystemI::close                           : Closed.
